2024/02/10 08:46:43 [notice] 1#1: using the "epoll" event method
2024/02/10 08:46:43 [notice] 1#1: nginx/1.25.3
2024/02/10 08:46:43 [notice] 1#1: built by gcc 12.2.0 (Debian 12.2.0-14) 
2024/02/10 08:46:43 [notice] 1#1: OS: Linux 5.15.133.1-microsoft-standard-WSL2
2024/02/10 08:46:43 [notice] 1#1: getrlimit(RLIMIT_NOFILE): 1048576:1048576
2024/02/10 08:46:43 [notice] 1#1: start worker processes
2024/02/10 08:46:43 [notice] 1#1: start worker process 20
2024/02/10 08:46:43 [notice] 1#1: start worker process 21
2024/02/10 08:46:43 [notice] 1#1: start worker process 22
2024/02/10 08:46:43 [notice] 1#1: start worker process 23
2024/02/10 13:08:36 [notice] 1#1: signal 3 (SIGQUIT) received, shutting down
2024/02/10 13:08:36 [notice] 22#22: gracefully shutting down
2024/02/10 13:08:36 [notice] 21#21: gracefully shutting down
2024/02/10 13:08:36 [notice] 21#21: exiting
2024/02/10 13:08:36 [notice] 20#20: gracefully shutting down
2024/02/10 13:08:36 [notice] 20#20: exiting
2024/02/10 13:08:36 [notice] 22#22: exiting
2024/02/10 13:08:36 [notice] 22#22: exit
2024/02/10 13:08:36 [notice] 23#23: gracefully shutting down
2024/02/10 13:08:36 [notice] 21#21: exit
2024/02/10 13:08:36 [notice] 20#20: exit
2024/02/10 13:08:36 [notice] 23#23: exiting
2024/02/10 13:08:36 [notice] 23#23: exit
2024/02/10 13:08:36 [notice] 1#1: signal 17 (SIGCHLD) received from 22
2024/02/10 13:08:36 [notice] 1#1: worker process 22 exited with code 0
2024/02/10 13:08:36 [notice] 1#1: worker process 23 exited with code 0
2024/02/10 13:08:36 [notice] 1#1: signal 29 (SIGIO) received
2024/02/10 13:08:36 [notice] 1#1: signal 17 (SIGCHLD) received from 21
2024/02/10 13:08:36 [notice] 1#1: worker process 21 exited with code 0
2024/02/10 13:08:36 [notice] 1#1: signal 29 (SIGIO) received
2024/02/10 13:08:36 [notice] 1#1: signal 17 (SIGCHLD) received from 20
2024/02/10 13:08:36 [notice] 1#1: worker process 20 exited with code 0
2024/02/10 13:08:36 [notice] 1#1: exit
2024/02/10 13:13:48 [notice] 1#1: using the "epoll" event method
2024/02/10 13:13:48 [notice] 1#1: nginx/1.25.3
2024/02/10 13:13:48 [notice] 1#1: built by gcc 12.2.0 (Debian 12.2.0-14) 
2024/02/10 13:13:48 [notice] 1#1: OS: Linux 5.15.133.1-microsoft-standard-WSL2
2024/02/10 13:13:48 [notice] 1#1: getrlimit(RLIMIT_NOFILE): 1048576:1048576
2024/02/10 13:13:48 [notice] 1#1: start worker processes
2024/02/10 13:13:48 [notice] 1#1: start worker process 20
2024/02/10 13:13:48 [notice] 1#1: start worker process 21
2024/02/10 13:13:48 [notice] 1#1: start worker process 22
2024/02/10 13:13:48 [notice] 1#1: start worker process 23
2024/02/10 13:17:58 [notice] 1#1: signal 3 (SIGQUIT) received, shutting down
2024/02/10 13:17:58 [notice] 20#20: gracefully shutting down
2024/02/10 13:17:58 [notice] 21#21: gracefully shutting down
2024/02/10 13:17:58 [notice] 22#22: gracefully shutting down
2024/02/10 13:17:58 [notice] 22#22: exiting
2024/02/10 13:17:58 [notice] 23#23: gracefully shutting down
2024/02/10 13:17:58 [notice] 20#20: exiting
2024/02/10 13:17:58 [notice] 22#22: exit
2024/02/10 13:17:58 [notice] 20#20: exit
2024/02/10 13:17:58 [notice] 23#23: exiting
2024/02/10 13:17:58 [notice] 23#23: exit
2024/02/10 13:17:58 [notice] 1#1: signal 17 (SIGCHLD) received from 22
2024/02/10 13:17:58 [notice] 1#1: worker process 22 exited with code 0
2024/02/10 13:17:58 [notice] 1#1: worker process 23 exited with code 0
2024/02/10 13:17:58 [notice] 1#1: signal 29 (SIGIO) received
2024/02/10 13:17:58 [notice] 1#1: signal 17 (SIGCHLD) received from 20
2024/02/10 13:17:58 [notice] 1#1: worker process 20 exited with code 0
2024/02/10 13:17:58 [notice] 1#1: signal 29 (SIGIO) received
2024/02/10 13:25:42 [notice] 1#1: using the "epoll" event method
2024/02/10 13:25:42 [notice] 1#1: nginx/1.25.3
2024/02/10 13:25:42 [notice] 1#1: built by gcc 12.2.0 (Debian 12.2.0-14) 
2024/02/10 13:25:42 [notice] 1#1: OS: Linux 5.15.133.1-microsoft-standard-WSL2
2024/02/10 13:25:42 [notice] 1#1: getrlimit(RLIMIT_NOFILE): 1048576:1048576
2024/02/10 13:25:42 [notice] 1#1: start worker processes
2024/02/10 13:25:42 [notice] 1#1: start worker process 20
2024/02/10 13:25:42 [notice] 1#1: start worker process 21
2024/02/10 13:25:42 [notice] 1#1: start worker process 22
2024/02/10 13:25:42 [notice] 1#1: start worker process 23
2024/02/10 14:24:39 [notice] 1#1: using the "epoll" event method
2024/02/10 14:24:39 [notice] 1#1: nginx/1.25.3
2024/02/10 14:24:39 [notice] 1#1: built by gcc 12.2.0 (Debian 12.2.0-14) 
2024/02/10 14:24:39 [notice] 1#1: OS: Linux 5.15.133.1-microsoft-standard-WSL2
2024/02/10 14:24:39 [notice] 1#1: getrlimit(RLIMIT_NOFILE): 1048576:1048576
2024/02/10 14:24:39 [notice] 1#1: start worker processes
2024/02/10 14:24:39 [notice] 1#1: start worker process 19
2024/02/10 14:24:39 [notice] 1#1: start worker process 20
2024/02/10 14:24:39 [notice] 1#1: start worker process 21
2024/02/10 14:24:39 [notice] 1#1: start worker process 22
2024/02/10 14:34:56 [notice] 1#1: using the "epoll" event method
2024/02/10 14:34:56 [notice] 1#1: nginx/1.25.3
2024/02/10 14:34:56 [notice] 1#1: built by gcc 12.2.0 (Debian 12.2.0-14) 
2024/02/10 14:34:56 [notice] 1#1: OS: Linux 5.15.133.1-microsoft-standard-WSL2
2024/02/10 14:34:56 [notice] 1#1: getrlimit(RLIMIT_NOFILE): 1048576:1048576
2024/02/10 14:34:56 [notice] 1#1: start worker processes
2024/02/10 14:34:56 [notice] 1#1: start worker process 20
2024/02/10 14:34:56 [notice] 1#1: start worker process 21
2024/02/10 14:34:56 [notice] 1#1: start worker process 22
2024/02/10 14:34:56 [notice] 1#1: start worker process 23
2024/02/10 14:39:58 [notice] 1#1: using the "epoll" event method
2024/02/10 14:39:58 [notice] 1#1: nginx/1.25.3
2024/02/10 14:39:58 [notice] 1#1: built by gcc 12.2.0 (Debian 12.2.0-14) 
2024/02/10 14:39:58 [notice] 1#1: OS: Linux 5.15.133.1-microsoft-standard-WSL2
2024/02/10 14:39:58 [notice] 1#1: getrlimit(RLIMIT_NOFILE): 1048576:1048576
2024/02/10 14:39:58 [notice] 1#1: start worker processes
2024/02/10 14:39:58 [notice] 1#1: start worker process 20
2024/02/10 14:39:58 [notice] 1#1: start worker process 21
2024/02/10 14:39:58 [notice] 1#1: start worker process 22
2024/02/10 14:39:58 [notice] 1#1: start worker process 23
2024/02/11 07:10:35 [notice] 1#1: signal 3 (SIGQUIT) received, shutting down
2024/02/11 07:10:35 [notice] 21#21: gracefully shutting down
2024/02/11 07:10:35 [notice] 23#23: gracefully shutting down
2024/02/11 07:10:35 [notice] 22#22: gracefully shutting down
2024/02/11 07:10:35 [notice] 21#21: exiting
2024/02/11 07:10:35 [notice] 23#23: exiting
2024/02/11 07:10:35 [notice] 20#20: gracefully shutting down
2024/02/11 07:10:35 [notice] 21#21: exit
2024/02/11 07:10:35 [notice] 22#22: exiting
2024/02/11 07:10:35 [notice] 22#22: exit
2024/02/11 07:10:35 [notice] 23#23: exit
2024/02/11 07:10:35 [notice] 20#20: exiting
2024/02/11 07:10:35 [notice] 20#20: exit
2024/02/11 07:10:36 [notice] 1#1: signal 17 (SIGCHLD) received from 21
2024/02/11 07:10:36 [notice] 1#1: worker process 21 exited with code 0
2024/02/11 07:10:36 [notice] 1#1: signal 29 (SIGIO) received
2024/02/11 07:10:36 [notice] 1#1: signal 17 (SIGCHLD) received from 20
2024/02/11 07:10:36 [notice] 1#1: worker process 20 exited with code 0
2024/02/11 07:10:36 [notice] 1#1: worker process 22 exited with code 0
2024/02/11 07:10:36 [notice] 1#1: worker process 23 exited with code 0
2024/02/11 07:10:36 [notice] 1#1: exit
2024/02/11 07:11:25 [notice] 1#1: using the "epoll" event method
2024/02/11 07:11:25 [notice] 1#1: nginx/1.25.3
2024/02/11 07:11:25 [notice] 1#1: built by gcc 12.2.0 (Debian 12.2.0-14) 
2024/02/11 07:11:25 [notice] 1#1: OS: Linux 5.15.133.1-microsoft-standard-WSL2
2024/02/11 07:11:25 [notice] 1#1: getrlimit(RLIMIT_NOFILE): 1048576:1048576
2024/02/11 07:11:25 [notice] 1#1: start worker processes
2024/02/11 07:11:25 [notice] 1#1: start worker process 20
2024/02/11 07:11:25 [notice] 1#1: start worker process 21
2024/02/11 07:11:25 [notice] 1#1: start worker process 22
2024/02/11 07:11:25 [notice] 1#1: start worker process 23
2024/02/11 08:26:33 [notice] 1#1: using the "epoll" event method
2024/02/11 08:26:33 [notice] 1#1: nginx/1.25.3
2024/02/11 08:26:33 [notice] 1#1: built by gcc 12.2.0 (Debian 12.2.0-14) 
2024/02/11 08:26:33 [notice] 1#1: OS: Linux 5.15.133.1-microsoft-standard-WSL2
2024/02/11 08:26:33 [notice] 1#1: getrlimit(RLIMIT_NOFILE): 1048576:1048576
2024/02/11 08:26:33 [notice] 1#1: start worker processes
2024/02/11 08:26:33 [notice] 1#1: start worker process 20
2024/02/11 08:26:33 [notice] 1#1: start worker process 21
2024/02/11 08:26:33 [notice] 1#1: start worker process 22
2024/02/11 08:26:33 [notice] 1#1: start worker process 23
2024/02/11 08:30:09 [notice] 1#1: signal 3 (SIGQUIT) received, shutting down
2024/02/11 08:30:09 [notice] 22#22: gracefully shutting down
2024/02/11 08:30:09 [notice] 21#21: gracefully shutting down
2024/02/11 08:30:09 [notice] 20#20: gracefully shutting down
2024/02/11 08:30:09 [notice] 23#23: gracefully shutting down
2024/02/11 08:30:09 [notice] 22#22: exiting
2024/02/11 08:30:09 [notice] 22#22: exit
2024/02/11 08:30:09 [notice] 21#21: exiting
2024/02/11 08:30:09 [notice] 20#20: exiting
2024/02/11 08:30:09 [notice] 23#23: exiting
2024/02/11 08:30:09 [notice] 21#21: exit
2024/02/11 08:30:09 [notice] 23#23: exit
2024/02/11 08:30:09 [notice] 20#20: exit
2024/02/11 08:30:09 [notice] 1#1: signal 17 (SIGCHLD) received from 23
2024/02/11 08:30:09 [notice] 1#1: worker process 20 exited with code 0
2024/02/11 08:30:09 [notice] 1#1: worker process 21 exited with code 0
2024/02/11 08:30:09 [notice] 1#1: worker process 22 exited with code 0
2024/02/11 08:30:09 [notice] 1#1: worker process 23 exited with code 0
2024/02/11 08:30:09 [notice] 1#1: exit
2024/02/11 08:30:28 [notice] 1#1: using the "epoll" event method
2024/02/11 08:30:28 [notice] 1#1: nginx/1.25.3
2024/02/11 08:30:28 [notice] 1#1: built by gcc 12.2.0 (Debian 12.2.0-14) 
2024/02/11 08:30:28 [notice] 1#1: OS: Linux 5.15.133.1-microsoft-standard-WSL2
2024/02/11 08:30:28 [notice] 1#1: getrlimit(RLIMIT_NOFILE): 1048576:1048576
2024/02/11 08:30:28 [notice] 1#1: start worker processes
2024/02/11 08:30:28 [notice] 1#1: start worker process 20
2024/02/11 08:30:28 [notice] 1#1: start worker process 21
2024/02/11 08:30:28 [notice] 1#1: start worker process 22
2024/02/11 08:30:28 [notice] 1#1: start worker process 23
2024/02/12 15:19:43 [notice] 1#1: using the "epoll" event method
2024/02/12 15:19:43 [notice] 1#1: nginx/1.25.3
2024/02/12 15:19:43 [notice] 1#1: built by gcc 12.2.0 (Debian 12.2.0-14) 
2024/02/12 15:19:43 [notice] 1#1: OS: Linux 5.15.133.1-microsoft-standard-WSL2
2024/02/12 15:19:43 [notice] 1#1: getrlimit(RLIMIT_NOFILE): 1048576:1048576
2024/02/12 15:19:43 [notice] 1#1: start worker processes
2024/02/12 15:19:43 [notice] 1#1: start worker process 21
2024/02/12 15:19:43 [notice] 1#1: start worker process 22
2024/02/12 15:19:43 [notice] 1#1: start worker process 23
2024/02/12 15:19:43 [notice] 1#1: start worker process 24
2024/02/12 21:50:23 [notice] 1#1: signal 3 (SIGQUIT) received, shutting down
2024/02/12 21:50:23 [notice] 23#23: gracefully shutting down
2024/02/12 21:50:23 [notice] 24#24: gracefully shutting down
2024/02/12 21:50:23 [notice] 23#23: exiting
2024/02/12 21:50:23 [notice] 22#22: gracefully shutting down
2024/02/12 21:50:23 [notice] 22#22: exiting
2024/02/12 21:50:23 [notice] 21#21: gracefully shutting down
2024/02/12 21:50:23 [notice] 23#23: exit
2024/02/12 21:50:23 [notice] 24#24: exiting
2024/02/12 21:50:23 [notice] 24#24: exit
2024/02/12 21:50:23 [notice] 22#22: exit
2024/02/12 21:50:23 [notice] 21#21: exiting
2024/02/12 21:50:23 [notice] 21#21: exit
2024/02/12 21:50:23 [notice] 1#1: signal 17 (SIGCHLD) received from 24
2024/02/12 21:50:23 [notice] 1#1: worker process 22 exited with code 0
2024/02/12 21:50:23 [notice] 1#1: worker process 21 exited with code 0
2024/02/12 21:50:23 [notice] 1#1: worker process 23 exited with code 0
2024/02/12 21:50:23 [notice] 1#1: worker process 24 exited with code 0
2024/02/12 21:50:23 [notice] 1#1: exit
2024/02/12 21:50:25 [notice] 1#1: using the "epoll" event method
2024/02/12 21:50:25 [notice] 1#1: nginx/1.25.3
2024/02/12 21:50:25 [notice] 1#1: built by gcc 12.2.0 (Debian 12.2.0-14) 
2024/02/12 21:50:25 [notice] 1#1: OS: Linux 5.15.133.1-microsoft-standard-WSL2
2024/02/12 21:50:25 [notice] 1#1: getrlimit(RLIMIT_NOFILE): 1048576:1048576
2024/02/12 21:50:25 [notice] 1#1: start worker processes
2024/02/12 21:50:25 [notice] 1#1: start worker process 20
2024/02/12 21:50:25 [notice] 1#1: start worker process 21
2024/02/12 21:50:25 [notice] 1#1: start worker process 22
2024/02/12 21:50:25 [notice] 1#1: start worker process 23
2024/02/12 22:02:10 [notice] 1#1: signal 3 (SIGQUIT) received, shutting down
2024/02/12 22:02:10 [notice] 20#20: gracefully shutting down
2024/02/12 22:02:10 [notice] 21#21: gracefully shutting down
2024/02/12 22:02:10 [notice] 23#23: gracefully shutting down
2024/02/12 22:02:10 [notice] 23#23: exiting
2024/02/12 22:02:10 [notice] 22#22: gracefully shutting down
2024/02/12 22:02:10 [notice] 22#22: exiting
2024/02/12 22:02:10 [notice] 20#20: exiting
2024/02/12 22:02:10 [notice] 21#21: exiting
2024/02/12 22:02:10 [notice] 23#23: exit
2024/02/12 22:02:10 [notice] 22#22: exit
2024/02/12 22:02:10 [notice] 20#20: exit
2024/02/12 22:02:10 [notice] 21#21: exit
2024/02/12 22:02:10 [notice] 1#1: signal 17 (SIGCHLD) received from 23
2024/02/12 22:02:10 [notice] 1#1: worker process 23 exited with code 0
2024/02/12 22:02:10 [notice] 1#1: signal 29 (SIGIO) received
2024/02/12 22:02:10 [notice] 1#1: signal 17 (SIGCHLD) received from 22
2024/02/12 22:02:10 [notice] 1#1: worker process 20 exited with code 0
2024/02/12 22:02:10 [notice] 1#1: worker process 21 exited with code 0
2024/02/12 22:02:10 [notice] 1#1: worker process 22 exited with code 0
2024/02/12 22:02:10 [notice] 1#1: exit
2024/02/12 22:02:11 [notice] 1#1: using the "epoll" event method
2024/02/12 22:02:11 [notice] 1#1: nginx/1.25.3
2024/02/12 22:02:11 [notice] 1#1: built by gcc 12.2.0 (Debian 12.2.0-14) 
2024/02/12 22:02:11 [notice] 1#1: OS: Linux 5.15.133.1-microsoft-standard-WSL2
2024/02/12 22:02:11 [notice] 1#1: getrlimit(RLIMIT_NOFILE): 1048576:1048576
2024/02/12 22:02:11 [notice] 1#1: start worker processes
2024/02/12 22:02:11 [notice] 1#1: start worker process 21
2024/02/12 22:02:11 [notice] 1#1: start worker process 22
2024/02/12 22:02:11 [notice] 1#1: start worker process 23
2024/02/12 22:02:11 [notice] 1#1: start worker process 24
2024/02/13 08:16:52 [notice] 1#1: signal 3 (SIGQUIT) received, shutting down
2024/02/13 08:16:52 [notice] 24#24: gracefully shutting down
2024/02/13 08:16:52 [notice] 21#21: gracefully shutting down
2024/02/13 08:16:52 [notice] 22#22: gracefully shutting down
2024/02/13 08:16:52 [notice] 23#23: gracefully shutting down
2024/02/13 08:16:52 [notice] 24#24: exiting
2024/02/13 08:16:52 [notice] 21#21: exiting
2024/02/13 08:16:52 [notice] 21#21: exit
2024/02/13 08:16:52 [notice] 22#22: exiting
2024/02/13 08:16:52 [notice] 22#22: exit
2024/02/13 08:16:52 [notice] 23#23: exiting
2024/02/13 08:16:52 [notice] 23#23: exit
2024/02/13 08:16:52 [notice] 24#24: exit
2024/02/13 08:16:52 [notice] 1#1: signal 17 (SIGCHLD) received from 22
2024/02/13 08:16:52 [notice] 1#1: worker process 21 exited with code 0
2024/02/13 08:16:52 [notice] 1#1: worker process 22 exited with code 0
2024/02/13 08:16:52 [notice] 1#1: signal 29 (SIGIO) received
2024/02/13 08:16:52 [notice] 1#1: signal 17 (SIGCHLD) received from 24
2024/02/13 08:16:52 [notice] 1#1: worker process 23 exited with code 0
2024/02/13 08:16:52 [notice] 1#1: worker process 24 exited with code 0
2024/02/13 08:16:52 [notice] 1#1: exit
2024/02/13 08:16:53 [notice] 1#1: using the "epoll" event method
2024/02/13 08:16:53 [notice] 1#1: nginx/1.25.3
2024/02/13 08:16:53 [notice] 1#1: built by gcc 12.2.0 (Debian 12.2.0-14) 
2024/02/13 08:16:53 [notice] 1#1: OS: Linux 5.15.133.1-microsoft-standard-WSL2
2024/02/13 08:16:53 [notice] 1#1: getrlimit(RLIMIT_NOFILE): 1048576:1048576
2024/02/13 08:16:53 [notice] 1#1: start worker processes
2024/02/13 08:16:53 [notice] 1#1: start worker process 21
2024/02/13 08:16:53 [notice] 1#1: start worker process 22
2024/02/13 08:16:53 [notice] 1#1: start worker process 23
2024/02/13 08:16:53 [notice] 1#1: start worker process 24
2024/02/13 08:17:52 [notice] 1#1: signal 3 (SIGQUIT) received, shutting down
2024/02/13 08:17:52 [notice] 21#21: gracefully shutting down
2024/02/13 08:17:52 [notice] 21#21: exiting
2024/02/13 08:17:52 [notice] 22#22: gracefully shutting down
2024/02/13 08:17:52 [notice] 23#23: gracefully shutting down
2024/02/13 08:17:52 [notice] 23#23: exiting
2024/02/13 08:17:52 [notice] 24#24: gracefully shutting down
2024/02/13 08:17:52 [notice] 21#21: exit
2024/02/13 08:17:52 [notice] 22#22: exiting
2024/02/13 08:17:52 [notice] 23#23: exit
2024/02/13 08:17:52 [notice] 24#24: exiting
2024/02/13 08:17:52 [notice] 22#22: exit
2024/02/13 08:17:52 [notice] 24#24: exit
2024/02/13 08:17:52 [notice] 1#1: signal 17 (SIGCHLD) received from 21
2024/02/13 08:17:52 [notice] 1#1: worker process 21 exited with code 0
2024/02/13 08:17:52 [notice] 1#1: worker process 22 exited with code 0
2024/02/13 08:17:52 [notice] 1#1: worker process 23 exited with code 0
2024/02/13 08:17:52 [notice] 1#1: worker process 24 exited with code 0
2024/02/13 08:17:52 [notice] 1#1: exit
2024/02/13 08:21:32 [notice] 1#1: using the "epoll" event method
2024/02/13 08:21:32 [notice] 1#1: nginx/1.25.3
2024/02/13 08:21:32 [notice] 1#1: built by gcc 12.2.0 (Debian 12.2.0-14) 
2024/02/13 08:21:32 [notice] 1#1: OS: Linux 5.15.133.1-microsoft-standard-WSL2
2024/02/13 08:21:32 [notice] 1#1: getrlimit(RLIMIT_NOFILE): 1048576:1048576
2024/02/13 08:21:32 [notice] 1#1: start worker processes
2024/02/13 08:21:32 [notice] 1#1: start worker process 20
2024/02/13 08:21:32 [notice] 1#1: start worker process 21
2024/02/13 08:21:32 [notice] 1#1: start worker process 22
2024/02/13 08:21:32 [notice] 1#1: start worker process 23
2024/02/13 11:40:59 [notice] 1#1: signal 3 (SIGQUIT) received, shutting down
2024/02/13 11:40:59 [notice] 22#22: gracefully shutting down
2024/02/13 11:40:59 [notice] 23#23: gracefully shutting down
2024/02/13 11:40:59 [notice] 23#23: exiting
2024/02/13 11:40:59 [notice] 20#20: gracefully shutting down
2024/02/13 11:40:59 [notice] 20#20: exiting
2024/02/13 11:40:59 [notice] 20#20: exit
2024/02/13 11:40:59 [notice] 21#21: gracefully shutting down
2024/02/13 11:40:59 [notice] 22#22: exiting
2024/02/13 11:40:59 [notice] 22#22: exit
2024/02/13 11:40:59 [notice] 23#23: exit
2024/02/13 11:40:59 [notice] 21#21: exiting
2024/02/13 11:40:59 [notice] 21#21: exit
2024/02/13 11:41:00 [notice] 1#1: signal 17 (SIGCHLD) received from 20
2024/02/13 11:41:00 [notice] 1#1: worker process 20 exited with code 0
2024/02/13 11:41:00 [notice] 1#1: worker process 21 exited with code 0
2024/02/13 11:41:00 [notice] 1#1: worker process 22 exited with code 0
2024/02/13 11:41:00 [notice] 1#1: worker process 23 exited with code 0
2024/02/13 11:41:00 [notice] 1#1: exit
2024/02/15 08:28:13 [notice] 1#1: using the "epoll" event method
2024/02/15 08:28:13 [notice] 1#1: nginx/1.25.3
2024/02/15 08:28:13 [notice] 1#1: built by gcc 12.2.0 (Debian 12.2.0-14) 
2024/02/15 08:28:13 [notice] 1#1: OS: Linux 5.15.133.1-microsoft-standard-WSL2
2024/02/15 08:28:13 [notice] 1#1: getrlimit(RLIMIT_NOFILE): 1048576:1048576
2024/02/15 08:28:13 [notice] 1#1: start worker processes
2024/02/15 08:28:13 [notice] 1#1: start worker process 20
2024/02/15 08:28:13 [notice] 1#1: start worker process 21
2024/02/15 08:28:13 [notice] 1#1: start worker process 22
2024/02/15 08:28:13 [notice] 1#1: start worker process 23
2024/02/15 11:42:15 [notice] 1#1: signal 3 (SIGQUIT) received, shutting down
2024/02/15 11:42:15 [notice] 20#20: gracefully shutting down
2024/02/15 11:42:15 [notice] 21#21: gracefully shutting down
2024/02/15 11:42:15 [notice] 22#22: gracefully shutting down
2024/02/15 11:42:15 [notice] 23#23: gracefully shutting down
2024/02/15 11:42:15 [notice] 21#21: exiting
2024/02/15 11:42:15 [notice] 20#20: exiting
2024/02/15 11:42:15 [notice] 20#20: exit
2024/02/15 11:42:15 [notice] 23#23: exiting
2024/02/15 11:42:15 [notice] 22#22: exiting
2024/02/15 11:42:15 [notice] 21#21: exit
2024/02/15 11:42:15 [notice] 23#23: exit
2024/02/15 11:42:15 [notice] 22#22: exit
2024/02/15 11:42:15 [notice] 1#1: signal 17 (SIGCHLD) received from 20
2024/02/15 11:42:15 [notice] 1#1: worker process 20 exited with code 0
2024/02/15 11:42:15 [notice] 1#1: signal 29 (SIGIO) received
2024/02/15 11:42:15 [notice] 1#1: signal 17 (SIGCHLD) received from 23
2024/02/15 11:42:15 [notice] 1#1: worker process 22 exited with code 0
2024/02/15 11:42:15 [notice] 1#1: worker process 23 exited with code 0
2024/02/15 11:42:15 [notice] 1#1: signal 29 (SIGIO) received
2024/02/15 11:42:15 [notice] 1#1: signal 17 (SIGCHLD) received from 22
2024/02/15 11:42:15 [notice] 1#1: signal 17 (SIGCHLD) received from 21
2024/02/15 11:42:15 [notice] 1#1: worker process 21 exited with code 0
2024/02/15 11:42:15 [notice] 1#1: exit
2024/02/15 16:26:53 [notice] 1#1: using the "epoll" event method
2024/02/15 16:26:53 [notice] 1#1: nginx/1.25.3
2024/02/15 16:26:53 [notice] 1#1: built by gcc 12.2.0 (Debian 12.2.0-14) 
2024/02/15 16:26:53 [notice] 1#1: OS: Linux 5.15.133.1-microsoft-standard-WSL2
2024/02/15 16:26:53 [notice] 1#1: getrlimit(RLIMIT_NOFILE): 1048576:1048576
2024/02/15 16:26:53 [notice] 1#1: start worker processes
2024/02/15 16:26:53 [notice] 1#1: start worker process 20
2024/02/15 16:26:53 [notice] 1#1: start worker process 21
2024/02/15 16:26:53 [notice] 1#1: start worker process 22
2024/02/15 16:26:53 [notice] 1#1: start worker process 23
