2024/03/17 09:10:54 [notice] 1#1: using the "epoll" event method
2024/03/17 09:10:54 [notice] 1#1: nginx/1.25.4
2024/03/17 09:10:54 [notice] 1#1: built by gcc 12.2.1 20220924 (Alpine 12.2.1_git20220924-r10) 
2024/03/17 09:10:54 [notice] 1#1: OS: Linux 5.15.0-100-generic
2024/03/17 09:10:54 [notice] 1#1: getrlimit(RLIMIT_NOFILE): 1048576:1048576
2024/03/17 09:10:54 [notice] 1#1: start worker processes
2024/03/17 09:10:54 [notice] 1#1: start worker process 20
2024/03/17 09:10:54 [notice] 1#1: start worker process 21
2024/03/17 09:10:54 [notice] 1#1: start worker process 22
2024/03/17 09:10:54 [notice] 1#1: start worker process 23
2024/03/17 09:10:54 [notice] 1#1: start worker process 24
2024/03/17 09:10:54 [notice] 1#1: start worker process 25
2024/03/17 09:10:54 [notice] 1#1: start worker process 26
2024/03/17 09:10:54 [notice] 1#1: start worker process 27
2024/03/17 09:10:54 [notice] 1#1: start worker process 28
2024/03/17 09:10:54 [notice] 1#1: start worker process 29
2024/03/17 09:10:54 [notice] 1#1: start worker process 30
2024/03/17 09:10:54 [notice] 1#1: start worker process 31
2024/03/17 09:10:54 [notice] 1#1: start worker process 32
2024/03/17 09:10:54 [notice] 1#1: start worker process 33
2024/03/17 09:10:54 [notice] 1#1: start worker process 34
2024/03/17 09:10:54 [notice] 1#1: start worker process 35
2024/03/17 14:43:02 [notice] 1#1: signal 3 (SIGQUIT) received, shutting down
2024/03/17 14:43:02 [notice] 20#20: gracefully shutting down
2024/03/17 14:43:02 [notice] 22#22: gracefully shutting down
2024/03/17 14:43:02 [notice] 23#23: gracefully shutting down
2024/03/17 14:43:02 [notice] 26#26: gracefully shutting down
2024/03/17 14:43:02 [notice] 24#24: gracefully shutting down
2024/03/17 14:43:02 [notice] 25#25: gracefully shutting down
2024/03/17 14:43:02 [notice] 27#27: gracefully shutting down
2024/03/17 14:43:02 [notice] 29#29: gracefully shutting down
2024/03/17 14:43:02 [notice] 20#20: exiting
2024/03/17 14:43:02 [notice] 22#22: exiting
2024/03/17 14:43:02 [notice] 23#23: exiting
2024/03/17 14:43:02 [notice] 26#26: exiting
2024/03/17 14:43:02 [notice] 33#33: gracefully shutting down
2024/03/17 14:43:02 [notice] 34#34: gracefully shutting down
2024/03/17 14:43:02 [notice] 24#24: exiting
2024/03/17 14:43:02 [notice] 25#25: exiting
2024/03/17 14:43:02 [notice] 27#27: exiting
2024/03/17 14:43:02 [notice] 29#29: exiting
2024/03/17 14:43:02 [notice] 33#33: exiting
2024/03/17 14:43:02 [notice] 34#34: exiting
2024/03/17 14:43:02 [notice] 20#20: exit
2024/03/17 14:43:02 [notice] 26#26: exit
2024/03/17 14:43:02 [notice] 23#23: exit
2024/03/17 14:43:02 [notice] 22#22: exit
2024/03/17 14:43:02 [notice] 24#24: exit
2024/03/17 14:43:02 [notice] 34#34: exit
2024/03/17 14:43:02 [notice] 25#25: exit
2024/03/17 14:43:02 [notice] 29#29: exit
2024/03/17 14:43:02 [notice] 27#27: exit
2024/03/17 14:43:02 [notice] 33#33: exit
2024/03/17 14:43:02 [notice] 28#28: gracefully shutting down
2024/03/17 14:43:02 [notice] 28#28: exiting
2024/03/17 14:43:02 [notice] 28#28: exit
2024/03/17 14:43:02 [notice] 32#32: gracefully shutting down
2024/03/17 14:43:02 [notice] 35#35: gracefully shutting down
2024/03/17 14:43:02 [notice] 31#31: gracefully shutting down
2024/03/17 14:43:02 [notice] 21#21: gracefully shutting down
2024/03/17 14:43:02 [notice] 32#32: exiting
2024/03/17 14:43:02 [notice] 35#35: exiting
2024/03/17 14:43:02 [notice] 21#21: exiting
2024/03/17 14:43:02 [notice] 31#31: exiting
2024/03/17 14:43:02 [notice] 21#21: exit
2024/03/17 14:43:02 [notice] 31#31: exit
2024/03/17 14:43:02 [notice] 32#32: exit
2024/03/17 14:43:02 [notice] 35#35: exit
2024/03/17 14:43:02 [notice] 30#30: gracefully shutting down
2024/03/17 14:43:02 [notice] 30#30: exiting
2024/03/17 14:43:02 [notice] 30#30: exit
2024/03/17 14:43:02 [notice] 1#1: signal 17 (SIGCHLD) received from 31
2024/03/17 14:43:02 [notice] 1#1: worker process 31 exited with code 0
2024/03/17 14:43:02 [notice] 1#1: signal 29 (SIGIO) received
2024/03/17 14:43:02 [notice] 1#1: signal 17 (SIGCHLD) received from 24
2024/03/17 14:43:02 [notice] 1#1: worker process 24 exited with code 0
2024/03/17 14:43:02 [notice] 1#1: worker process 29 exited with code 0
2024/03/17 14:43:02 [notice] 1#1: worker process 35 exited with code 0
2024/03/17 14:43:02 [notice] 1#1: signal 29 (SIGIO) received
2024/03/17 14:43:02 [notice] 1#1: signal 17 (SIGCHLD) received from 35
2024/03/17 14:43:02 [notice] 1#1: worker process 28 exited with code 0
2024/03/17 14:43:02 [notice] 1#1: signal 29 (SIGIO) received
2024/03/17 14:43:02 [notice] 1#1: signal 17 (SIGCHLD) received from 34
2024/03/17 14:43:02 [notice] 1#1: worker process 34 exited with code 0
2024/03/17 14:43:02 [notice] 1#1: signal 29 (SIGIO) received
2024/03/17 14:43:02 [notice] 1#1: signal 17 (SIGCHLD) received from 32
2024/03/17 14:43:02 [notice] 1#1: worker process 32 exited with code 0
2024/03/17 14:43:02 [notice] 1#1: signal 29 (SIGIO) received
2024/03/17 14:43:02 [notice] 1#1: signal 17 (SIGCHLD) received from 30
2024/03/17 14:43:02 [notice] 1#1: worker process 30 exited with code 0
2024/03/17 14:43:02 [notice] 1#1: signal 29 (SIGIO) received
2024/03/17 14:43:03 [notice] 1#1: signal 17 (SIGCHLD) received from 21
2024/03/17 14:43:03 [notice] 1#1: worker process 21 exited with code 0
2024/03/17 14:43:03 [notice] 1#1: worker process 22 exited with code 0
2024/03/17 14:43:03 [notice] 1#1: signal 29 (SIGIO) received
2024/03/17 14:43:03 [notice] 1#1: signal 17 (SIGCHLD) received from 22
2024/03/17 14:43:03 [notice] 1#1: signal 17 (SIGCHLD) received from 33
2024/03/17 14:43:03 [notice] 1#1: worker process 23 exited with code 0
2024/03/17 14:43:03 [notice] 1#1: worker process 26 exited with code 0
2024/03/17 14:43:03 [notice] 1#1: worker process 33 exited with code 0
2024/03/17 14:43:03 [notice] 1#1: signal 29 (SIGIO) received
2024/03/17 14:43:03 [notice] 1#1: signal 17 (SIGCHLD) received from 27
2024/03/17 14:43:03 [notice] 1#1: worker process 27 exited with code 0
2024/03/17 14:43:03 [notice] 1#1: signal 29 (SIGIO) received
2024/03/17 14:43:03 [notice] 1#1: signal 17 (SIGCHLD) received from 20
2024/03/17 14:43:03 [notice] 1#1: worker process 20 exited with code 0
2024/03/17 14:43:03 [notice] 1#1: signal 29 (SIGIO) received
2024/03/17 14:43:03 [notice] 1#1: signal 17 (SIGCHLD) received from 25
2024/03/17 14:43:03 [notice] 1#1: worker process 25 exited with code 0
2024/03/17 14:43:03 [notice] 1#1: exit
2024/03/17 14:46:56 [warn] 1#1: conflicting server name "localhost" on 0.0.0.0:80, ignored
2024/03/17 14:46:56 [notice] 1#1: using the "epoll" event method
2024/03/17 14:46:56 [notice] 1#1: nginx/1.25.4
2024/03/17 14:46:56 [notice] 1#1: built by gcc 12.2.1 20220924 (Alpine 12.2.1_git20220924-r10) 
2024/03/17 14:46:56 [notice] 1#1: OS: Linux 5.15.0-100-generic
2024/03/17 14:46:56 [notice] 1#1: getrlimit(RLIMIT_NOFILE): 1048576:1048576
2024/03/17 14:46:56 [notice] 1#1: start worker processes
2024/03/17 14:46:56 [notice] 1#1: start worker process 30
2024/03/17 14:46:56 [notice] 1#1: start worker process 31
2024/03/17 14:46:56 [notice] 1#1: start worker process 32
2024/03/17 14:46:56 [notice] 1#1: start worker process 33
2024/03/17 14:46:56 [notice] 1#1: start worker process 34
2024/03/17 14:46:56 [notice] 1#1: start worker process 35
2024/03/17 14:46:56 [notice] 1#1: start worker process 36
2024/03/17 14:46:56 [notice] 1#1: start worker process 37
2024/03/17 14:46:56 [notice] 1#1: start worker process 38
2024/03/17 14:46:56 [notice] 1#1: start worker process 39
2024/03/17 14:46:56 [notice] 1#1: start worker process 40
2024/03/17 14:46:56 [notice] 1#1: start worker process 41
2024/03/17 14:46:56 [notice] 1#1: start worker process 42
2024/03/17 14:46:56 [notice] 1#1: start worker process 43
2024/03/17 14:46:56 [notice] 1#1: start worker process 44
2024/03/17 14:46:56 [notice] 1#1: start worker process 45
2024/03/17 14:54:01 [notice] 1#1: signal 3 (SIGQUIT) received, shutting down
2024/03/17 14:54:01 [notice] 31#31: gracefully shutting down
2024/03/17 14:54:01 [notice] 33#33: gracefully shutting down
2024/03/17 14:54:01 [notice] 31#31: exiting
2024/03/17 14:54:01 [notice] 33#33: exiting
2024/03/17 14:54:01 [notice] 30#30: gracefully shutting down
2024/03/17 14:54:01 [notice] 30#30: exiting
2024/03/17 14:54:01 [notice] 33#33: exit
2024/03/17 14:54:01 [notice] 31#31: exit
2024/03/17 14:54:01 [notice] 30#30: exit
2024/03/17 14:54:01 [notice] 41#41: gracefully shutting down
2024/03/17 14:54:01 [notice] 41#41: exiting
2024/03/17 14:54:01 [notice] 41#41: exit
2024/03/17 14:54:01 [notice] 40#40: gracefully shutting down
2024/03/17 14:54:01 [notice] 40#40: exiting
2024/03/17 14:54:01 [notice] 40#40: exit
2024/03/17 14:54:01 [notice] 37#37: gracefully shutting down
2024/03/17 14:54:01 [notice] 37#37: exiting
2024/03/17 14:54:01 [notice] 35#35: gracefully shutting down
2024/03/17 14:54:01 [notice] 34#34: gracefully shutting down
2024/03/17 14:54:01 [notice] 35#35: exiting
2024/03/17 14:54:01 [notice] 34#34: exiting
2024/03/17 14:54:01 [notice] 37#37: exit
2024/03/17 14:54:01 [notice] 35#35: exit
2024/03/17 14:54:01 [notice] 34#34: exit
2024/03/17 14:54:01 [notice] 44#44: gracefully shutting down
2024/03/17 14:54:01 [notice] 44#44: exiting
2024/03/17 14:54:01 [notice] 36#36: gracefully shutting down
2024/03/17 14:54:01 [notice] 42#42: gracefully shutting down
2024/03/17 14:54:01 [notice] 43#43: gracefully shutting down
2024/03/17 14:54:01 [notice] 32#32: gracefully shutting down
2024/03/17 14:54:01 [notice] 36#36: exiting
2024/03/17 14:54:01 [notice] 42#42: exiting
2024/03/17 14:54:01 [notice] 43#43: exiting
2024/03/17 14:54:01 [notice] 32#32: exiting
2024/03/17 14:54:01 [notice] 44#44: exit
2024/03/17 14:54:01 [notice] 42#42: exit
2024/03/17 14:54:01 [notice] 36#36: exit
2024/03/17 14:54:01 [notice] 32#32: exit
2024/03/17 14:54:01 [notice] 43#43: exit
2024/03/17 14:54:01 [notice] 45#45: gracefully shutting down
2024/03/17 14:54:01 [notice] 45#45: exiting
2024/03/17 14:54:01 [notice] 45#45: exit
2024/03/17 14:54:01 [notice] 38#38: gracefully shutting down
2024/03/17 14:54:01 [notice] 38#38: exiting
2024/03/17 14:54:01 [notice] 39#39: gracefully shutting down
2024/03/17 14:54:01 [notice] 39#39: exiting
2024/03/17 14:54:01 [notice] 38#38: exit
2024/03/17 14:54:01 [notice] 39#39: exit
2024/03/17 14:54:01 [notice] 1#1: signal 17 (SIGCHLD) received from 42
2024/03/17 14:54:01 [notice] 1#1: worker process 37 exited with code 0
2024/03/17 14:54:01 [notice] 1#1: worker process 42 exited with code 0
2024/03/17 14:54:01 [notice] 1#1: signal 29 (SIGIO) received
2024/03/17 14:54:01 [notice] 1#1: signal 17 (SIGCHLD) received from 39
2024/03/17 14:54:01 [notice] 1#1: worker process 39 exited with code 0
2024/03/17 14:54:01 [notice] 1#1: worker process 43 exited with code 0
2024/03/17 14:54:01 [notice] 1#1: signal 29 (SIGIO) received
2024/03/17 14:54:01 [notice] 1#1: signal 17 (SIGCHLD) received from 30
2024/03/17 14:54:01 [notice] 1#1: worker process 30 exited with code 0
2024/03/17 14:54:01 [notice] 1#1: signal 29 (SIGIO) received
2024/03/17 14:54:01 [notice] 1#1: signal 17 (SIGCHLD) received from 40
2024/03/17 14:54:01 [notice] 1#1: worker process 34 exited with code 0
2024/03/17 14:54:01 [notice] 1#1: worker process 40 exited with code 0
2024/03/17 14:54:01 [notice] 1#1: signal 29 (SIGIO) received
2024/03/17 14:54:01 [notice] 1#1: signal 17 (SIGCHLD) received from 32
2024/03/17 14:54:01 [notice] 1#1: worker process 32 exited with code 0
2024/03/17 14:54:01 [notice] 1#1: worker process 41 exited with code 0
2024/03/17 14:54:01 [notice] 1#1: signal 29 (SIGIO) received
2024/03/17 14:54:01 [notice] 1#1: signal 17 (SIGCHLD) received from 38
2024/03/17 14:54:01 [notice] 1#1: worker process 35 exited with code 0
2024/03/17 14:54:01 [notice] 1#1: worker process 36 exited with code 0
2024/03/17 14:54:01 [notice] 1#1: worker process 38 exited with code 0
2024/03/17 14:54:01 [notice] 1#1: signal 29 (SIGIO) received
2024/03/17 14:54:01 [notice] 1#1: signal 17 (SIGCHLD) received from 35
2024/03/17 14:54:01 [notice] 1#1: signal 17 (SIGCHLD) received from 31
2024/03/17 14:54:01 [notice] 1#1: worker process 31 exited with code 0
2024/03/17 14:54:01 [notice] 1#1: signal 29 (SIGIO) received
2024/03/17 14:54:01 [notice] 1#1: signal 17 (SIGCHLD) received from 45
2024/03/17 14:54:01 [notice] 1#1: worker process 33 exited with code 0
2024/03/17 14:54:01 [notice] 1#1: worker process 45 exited with code 0
2024/03/17 14:54:01 [notice] 1#1: signal 29 (SIGIO) received
2024/03/17 14:54:01 [notice] 1#1: signal 17 (SIGCHLD) received from 44
2024/03/17 14:54:01 [notice] 1#1: worker process 44 exited with code 0
2024/03/17 14:54:01 [notice] 1#1: exit
2024/03/17 14:54:03 [notice] 1#1: using the "epoll" event method
2024/03/17 14:54:03 [notice] 1#1: nginx/1.25.4
2024/03/17 14:54:03 [notice] 1#1: built by gcc 12.2.0 (Debian 12.2.0-14) 
2024/03/17 14:54:03 [notice] 1#1: OS: Linux 5.15.0-100-generic
2024/03/17 14:54:03 [notice] 1#1: getrlimit(RLIMIT_NOFILE): 1048576:1048576
2024/03/17 14:54:03 [notice] 1#1: start worker processes
2024/03/17 14:54:03 [notice] 1#1: start worker process 29
2024/03/17 14:54:03 [notice] 1#1: start worker process 30
2024/03/17 14:54:03 [notice] 1#1: start worker process 31
2024/03/17 14:54:03 [notice] 1#1: start worker process 32
2024/03/17 14:54:03 [notice] 1#1: start worker process 33
2024/03/17 14:54:03 [notice] 1#1: start worker process 34
2024/03/17 14:54:03 [notice] 1#1: start worker process 35
2024/03/17 14:54:03 [notice] 1#1: start worker process 36
2024/03/17 14:54:03 [notice] 1#1: start worker process 37
2024/03/17 14:54:03 [notice] 1#1: start worker process 38
2024/03/17 14:54:03 [notice] 1#1: start worker process 39
2024/03/17 14:54:03 [notice] 1#1: start worker process 40
2024/03/17 14:54:03 [notice] 1#1: start worker process 41
2024/03/17 14:54:03 [notice] 1#1: start worker process 42
2024/03/17 14:54:03 [notice] 1#1: start worker process 43
2024/03/17 14:54:03 [notice] 1#1: start worker process 44
2024/03/17 17:03:40 [notice] 1#1: signal 3 (SIGQUIT) received, shutting down
2024/03/17 17:03:40 [notice] 30#30: gracefully shutting down
2024/03/17 17:03:40 [notice] 29#29: gracefully shutting down
2024/03/17 17:03:40 [notice] 30#30: exiting
2024/03/17 17:03:40 [notice] 29#29: exiting
2024/03/17 17:03:40 [notice] 33#33: gracefully shutting down
2024/03/17 17:03:40 [notice] 37#37: gracefully shutting down
2024/03/17 17:03:40 [notice] 34#34: gracefully shutting down
2024/03/17 17:03:40 [notice] 39#39: gracefully shutting down
2024/03/17 17:03:40 [notice] 44#44: gracefully shutting down
2024/03/17 17:03:40 [notice] 35#35: gracefully shutting down
2024/03/17 17:03:40 [notice] 33#33: exiting
2024/03/17 17:03:40 [notice] 37#37: exiting
2024/03/17 17:03:40 [notice] 30#30: exit
2024/03/17 17:03:40 [notice] 34#34: exiting
2024/03/17 17:03:40 [notice] 39#39: exiting
2024/03/17 17:03:40 [notice] 35#35: exiting
2024/03/17 17:03:40 [notice] 44#44: exiting
2024/03/17 17:03:40 [notice] 33#33: exit
2024/03/17 17:03:40 [notice] 37#37: exit
2024/03/17 17:03:40 [notice] 39#39: exit
2024/03/17 17:03:40 [notice] 35#35: exit
2024/03/17 17:03:40 [notice] 34#34: exit
2024/03/17 17:03:40 [notice] 44#44: exit
2024/03/17 17:03:40 [notice] 36#36: gracefully shutting down
2024/03/17 17:03:40 [notice] 43#43: gracefully shutting down
2024/03/17 17:03:40 [notice] 41#41: gracefully shutting down
2024/03/17 17:03:40 [notice] 36#36: exiting
2024/03/17 17:03:40 [notice] 43#43: exiting
2024/03/17 17:03:40 [notice] 29#29: exit
2024/03/17 17:03:40 [notice] 41#41: exiting
2024/03/17 17:03:40 [notice] 36#36: exit
2024/03/17 17:03:40 [notice] 41#41: exit
2024/03/17 17:03:40 [notice] 43#43: exit
2024/03/17 17:03:40 [notice] 38#38: gracefully shutting down
2024/03/17 17:03:40 [notice] 38#38: exiting
2024/03/17 17:03:40 [notice] 32#32: gracefully shutting down
2024/03/17 17:03:40 [notice] 38#38: exit
2024/03/17 17:03:40 [notice] 40#40: gracefully shutting down
2024/03/17 17:03:40 [notice] 32#32: exiting
2024/03/17 17:03:40 [notice] 40#40: exiting
2024/03/17 17:03:40 [notice] 32#32: exit
2024/03/17 17:03:40 [notice] 40#40: exit
2024/03/17 17:03:40 [notice] 31#31: gracefully shutting down
2024/03/17 17:03:40 [notice] 31#31: exiting
2024/03/17 17:03:40 [notice] 31#31: exit
2024/03/17 17:03:40 [notice] 42#42: gracefully shutting down
2024/03/17 17:03:40 [notice] 42#42: exiting
2024/03/17 17:03:40 [notice] 42#42: exit
2024/03/17 17:03:40 [notice] 1#1: signal 17 (SIGCHLD) received from 41
2024/03/17 17:03:40 [notice] 1#1: worker process 41 exited with code 0
2024/03/17 17:03:40 [notice] 1#1: signal 29 (SIGIO) received
2024/03/17 17:03:40 [notice] 1#1: signal 17 (SIGCHLD) received from 33
2024/03/17 17:03:40 [notice] 1#1: worker process 33 exited with code 0
2024/03/17 17:03:40 [notice] 1#1: signal 29 (SIGIO) received
2024/03/17 17:03:40 [notice] 1#1: signal 17 (SIGCHLD) received from 34
2024/03/17 17:03:40 [notice] 1#1: worker process 34 exited with code 0
2024/03/17 17:03:40 [notice] 1#1: worker process 31 exited with code 0
2024/03/17 17:03:40 [notice] 1#1: worker process 35 exited with code 0
2024/03/17 17:03:40 [notice] 1#1: worker process 39 exited with code 0
2024/03/17 17:03:40 [notice] 1#1: signal 29 (SIGIO) received
2024/03/17 17:03:40 [notice] 1#1: signal 17 (SIGCHLD) received from 31
2024/03/17 17:03:40 [notice] 1#1: signal 17 (SIGCHLD) received from 37
2024/03/17 17:03:40 [notice] 1#1: worker process 37 exited with code 0
2024/03/17 17:03:40 [notice] 1#1: signal 29 (SIGIO) received
2024/03/17 17:03:40 [notice] 1#1: signal 17 (SIGCHLD) received from 42
2024/03/17 17:03:40 [notice] 1#1: worker process 42 exited with code 0
2024/03/17 17:03:40 [notice] 1#1: signal 29 (SIGIO) received
2024/03/17 17:03:40 [notice] 1#1: signal 17 (SIGCHLD) received from 38
2024/03/17 17:03:40 [notice] 1#1: worker process 38 exited with code 0
2024/03/17 17:03:40 [notice] 1#1: signal 29 (SIGIO) received
2024/03/17 17:03:40 [notice] 1#1: signal 17 (SIGCHLD) received from 29
2024/03/17 17:03:40 [notice] 1#1: worker process 29 exited with code 0
2024/03/17 17:03:40 [notice] 1#1: signal 29 (SIGIO) received
2024/03/17 17:03:40 [notice] 1#1: signal 17 (SIGCHLD) received from 32
2024/03/17 17:03:40 [notice] 1#1: worker process 32 exited with code 0
2024/03/17 17:03:40 [notice] 1#1: signal 29 (SIGIO) received
2024/03/17 17:03:40 [notice] 1#1: signal 17 (SIGCHLD) received from 36
2024/03/17 17:03:40 [notice] 1#1: worker process 36 exited with code 0
2024/03/17 17:03:40 [notice] 1#1: worker process 40 exited with code 0
2024/03/17 17:03:40 [notice] 1#1: signal 29 (SIGIO) received
2024/03/17 17:03:40 [notice] 1#1: signal 17 (SIGCHLD) received from 40
2024/03/17 17:03:40 [notice] 1#1: signal 17 (SIGCHLD) received from 43
2024/03/17 17:03:40 [notice] 1#1: worker process 43 exited with code 0
2024/03/17 17:03:40 [notice] 1#1: signal 29 (SIGIO) received
2024/03/17 17:03:40 [notice] 1#1: signal 17 (SIGCHLD) received from 30
2024/03/17 17:03:40 [notice] 1#1: worker process 30 exited with code 0
2024/03/17 17:03:40 [notice] 1#1: signal 29 (SIGIO) received
2024/03/17 17:03:40 [notice] 1#1: signal 17 (SIGCHLD) received from 44
2024/03/17 17:03:40 [notice] 1#1: worker process 44 exited with code 0
2024/03/17 17:03:40 [notice] 1#1: exit
2024/03/17 17:11:02 [notice] 1#1: using the "epoll" event method
2024/03/17 17:11:02 [notice] 1#1: nginx/1.25.4
2024/03/17 17:11:02 [notice] 1#1: built by gcc 12.2.0 (Debian 12.2.0-14) 
2024/03/17 17:11:02 [notice] 1#1: OS: Linux 5.15.0-100-generic
2024/03/17 17:11:02 [notice] 1#1: getrlimit(RLIMIT_NOFILE): 1048576:1048576
2024/03/17 17:11:02 [notice] 1#1: start worker processes
2024/03/17 17:11:02 [notice] 1#1: start worker process 29
2024/03/17 17:11:02 [notice] 1#1: start worker process 30
2024/03/17 17:11:02 [notice] 1#1: start worker process 31
2024/03/17 17:11:02 [notice] 1#1: start worker process 32
2024/03/17 17:11:02 [notice] 1#1: start worker process 33
2024/03/17 17:11:02 [notice] 1#1: start worker process 34
2024/03/17 17:11:02 [notice] 1#1: start worker process 35
2024/03/17 17:11:02 [notice] 1#1: start worker process 36
2024/03/17 17:11:02 [notice] 1#1: start worker process 37
2024/03/17 17:11:02 [notice] 1#1: start worker process 38
2024/03/17 17:11:02 [notice] 1#1: start worker process 39
2024/03/17 17:11:02 [notice] 1#1: start worker process 40
2024/03/17 17:11:02 [notice] 1#1: start worker process 41
2024/03/17 17:11:02 [notice] 1#1: start worker process 42
2024/03/17 17:11:02 [notice] 1#1: start worker process 43
2024/03/17 17:11:02 [notice] 1#1: start worker process 44
2024/03/17 17:14:56 [warn] 30#30: *11 an upstream response is buffered to a temporary file /var/cache/nginx/proxy_temp/1/00/0000000001 while reading upstream, client: 192.168.0.1, server: ira.yu, request: "GET /index.php?test=Y HTTP/1.1", upstream: "http://192.168.0.4:80/index.php?test=Y", host: "ira.yu"
